This is XeTeX, Version 3.141592653-2.6-0.999995 (TeX Live 2023/Debian) (preloaded format=xelatex 2026.5.8)  26 JUN 2026 18:56
entering extended mode
 restricted \write18 enabled.
 %&-line parsing enabled.
**body-01-EDITORIAL-V01-N01.tex
(./body-01-EDITORIAL-V01-N01.tex
LaTeX2e <2023-11-01> patch level 1
L3 programming layer <2024-01-22>
! Not loaded.
\selectlanguage ...ing it}\errmessage {Not loaded}
                                                  
l.1 \selectlanguage
                   {spanish}
? 

! LaTeX Error: Missing \begin{document}.

See the LaTeX manual or LaTeX Companion for explanation.
Type  H <return>  for immediate help.
 ...                                              
                                                  
l.1 \selectlanguage{s
                     panish}
? H
You're in trouble here.  Try typing  <return>  to proceed.
If that doesn't work, type  X <return>  to quit.
? x
 
Here is how much of TeX's memory you used:
 16 strings out of 474878
 502 string characters out of 5762517
 1915627 words of memory out of 5000000
 22163 multiletter control sequences out of 15000+600000
 558069 words of font info for 36 fonts, out of 8000000 for 9000
 1348 hyphenation exceptions out of 8191
 15i,0n,18p,89b,19s stack positions out of 10000i,1000n,20000p,200000b,200000s
No pages of output.
